#
# There is insufficient memory for the Java Runtime Environment to continue.
# Native memory allocation (malloc) failed to allocate 1048576 bytes for AllocateHeap
# Possible reasons:
#   The system is out of physical RAM or swap space
#   The process is running with CompressedOops enabled, and the Java Heap may be blocking the growth of the native heap
# Possible solutions:
#   Reduce memory load on the system
#   Increase physical memory or swap space
#   Check if swap backing store is full
#   Decrease Java heap size (-Xmx/-Xms)
#   Decrease number of Java threads
#   Decrease Java thread stack sizes (-Xss)
#   Set larger code cache with -XX:ReservedCodeCacheSize=
#   JVM is running with Unscaled Compressed Oops mode in which the Java heap is
#     placed in the first 4GB address space. The Java Heap base address is the
#     maximum limit for the native heap growth. Please use -XX:HeapBaseMinAddress
#     to set the Java Heap base and to place the Java Heap above 4GB virtual address.
# This output file may be truncated or incomplete.
#
#  Out of Memory Error (allocation.cpp:44), pid=22720, tid=13336
#
# JRE version:  (17.0.2+8) (build )
# Java VM: Java HotSpot(TM) 64-Bit Server VM (17.0.2+8-LTS-86, mixed mode, sharing, tiered, compressed oops, compressed class ptrs, g1 gc, windows-amd64)
# No core dump will be written. Minidumps are not enabled by default on client versions of Windows
#

---------------  S U M M A R Y ------------

Command Line: -Dfile.encoding=UTF-8 --module-path=C:\Users\HP\Documents\NetBeansProjects\AirlineReservationSystem\build\classes airlinereservationsystem.dashboard

Host: Intel(R) Core(TM) i5-10210U CPU @ 1.60GHz, 8 cores, 7G,  Windows 10 , 64 bit Build 19041 (10.0.19041.3393)
Time: Wed Sep 27 19:19:48 2023 India Standard Time elapsed time: 0.015445 seconds (0d 0h 0m 0s)

---------------  T H R E A D  ---------------

Current thread (0x000001ffde7522a0):  JavaThread "Unknown thread" [_thread_in_vm, id=13336, stack(0x000000b59a800000,0x000000b59a900000)]

Stack: [0x000000b59a800000,0x000000b59a900000]
Native frames: (J=compiled Java code, j=interpreted, Vv=VM code, C=native code)
V  [jvm.dll+0x670baa]
V  [jvm.dll+0x7cfcb4]
V  [jvm.dll+0x7d145e]
V  [jvm.dll+0x7d1ac3]
V  [jvm.dll+0x242bc5]
V  [jvm.dll+0xa4b93]
V  [jvm.dll+0x2e0f37]
V  [jvm.dll+0x2d8e0b]
V  [jvm.dll+0x7a18c1]
V  [jvm.dll+0x365a91]
V  [jvm.dll+0x780d2c]
V  [jvm.dll+0x3e845f]
V  [jvm.dll+0x3e9f01]
C  [jli.dll+0x527b]
C  [ucrtbase.dll+0x21bb2]
C  [KERNEL32.DLL+0x17344]
C  [ntdll.dll+0x526b1]


---------------  P R O C E S S  ---------------

Threads class SMR info:
_java_thread_list=0x00007fff69d09858, length=0, elements={
}

Java Threads: ( => current thread )

Other Threads:
  0x000001ffde791160 GCTaskThread "GC Thread#0" [stack: 0x000000b59a900000,0x000000b59aa00000] [id=19808]

[error occurred during error reporting (printing all threads), id 0xc0000005, EXCEPTION_ACCESS_VIOLATION (0xc0000005) at pc=0x00007fff69555e80]

VM state: not at safepoint (not fully initialized)

VM Mutex/Monitor currently owned by a thread:  ([mutex/lock_event])
[0x000001ffde74d040] Heap_lock - owner thread: 0x000001ffde7522a0

Heap address: 0x0000000083000000, size: 2000 MB, Compressed Oops mode: 32-bit

CDS archive(s) mapped at: [0x0000000000000000-0x0000000000000000-0x0000000000000000), size 0, SharedBaseAddress: 0x0000000800000000, ArchiveRelocationMode: 0.
Narrow klass base: 0x0000000000000000, Narrow klass shift: 0, Narrow klass range: 0x0

GC Precious Log:
<Empty>

Heap:
 garbage-first heap   total 0K, used 0K [0x0000000083000000, 0x0000000100000000)
  region size 1024K, 0 young (0K), 0 survivors (0K)

[error occurred during error reporting (printing heap information), id 0xc0000005, EXCEPTION_ACCESS_VIOLATION (0xc0000005) at pc=0x00007fff69939f19]

GC Heap History (0 events):
No events

Deoptimization events (0 events):
No events

Classes unloaded (0 events):
No events

Classes redefined (0 events):
No events

Internal exceptions (0 events):
No events

VM Operations (0 events):
No events

Events (1 events):
Event: 0.010 Loaded shared library C:\Program Files\Java\jdk-17.0.2\bin\java.dll


Dynamic libraries:
0x00007ff6291d0000 - 0x00007ff6291e0000 	C:\Program Files\Java\jdk-17.0.2\bin\java.exe
0x00007fffdda50000 - 0x00007fffddc48000 	C:\WINDOWS\SYSTEM32\ntdll.dll
0x00007fffd4e30000 - 0x00007fffd4e49000 	C:\Program Files\Avast Software\Avast\aswhook.dll
0x00007fffdd340000 - 0x00007fffdd3fd000 	C:\WINDOWS\System32\KERNEL32.DLL
0x00007fffdb620000 - 0x00007fffdb916000 	C:\WINDOWS\System32\KERNELBASE.dll
0x00007fffdb520000 - 0x00007fffdb620000 	C:\WINDOWS\System32\ucrtbase.dll
0x00007fff9cb20000 - 0x00007fff9cb3a000 	C:\Program Files\Java\jdk-17.0.2\bin\VCRUNTIME140.dll
0x00007fffcc9a0000 - 0x00007fffcc9b8000 	C:\Program Files\Java\jdk-17.0.2\bin\jli.dll
0x00007fffdd900000 - 0x00007fffdd9ae000 	C:\WINDOWS\System32\ADVAPI32.dll
0x00007fffdc2e0000 - 0x00007fffdc37e000 	C:\WINDOWS\System32\msvcrt.dll
0x00007fffdc450000 - 0x00007fffdc4ec000 	C:\WINDOWS\System32\sechost.dll
0x00007fffdc170000 - 0x00007fffdc296000 	C:\WINDOWS\System32\RPCRT4.dll
0x00007fffdd760000 - 0x00007fffdd8fe000 	C:\WINDOWS\System32\USER32.dll
0x00007fffdb450000 - 0x00007fffdb472000 	C:\WINDOWS\System32\win32u.dll
0x00007fffdc060000 - 0x00007fffdc08c000 	C:\WINDOWS\System32\GDI32.dll
0x00007fffda4b0000 - 0x00007fffda74a000 	C:\WINDOWS\WinSxS\amd64_microsoft.windows.common-controls_6595b64144ccf1df_6.0.19041.1110_none_60b5254171f9507e\COMCTL32.dll
0x00007fffdb230000 - 0x00007fffdb34a000 	C:\WINDOWS\System32\gdi32full.dll
0x00007fffdb480000 - 0x00007fffdb51d000 	C:\WINDOWS\System32\msvcp_win.dll
0x00007fffd1c40000 - 0x00007fffd1c4a000 	C:\WINDOWS\SYSTEM32\VERSION.dll
0x00007fffdc2b0000 - 0x00007fffdc2e0000 	C:\WINDOWS\System32\IMM32.DLL
0x00007fffc4290000 - 0x00007fffc429c000 	C:\Program Files\Java\jdk-17.0.2\bin\vcruntime140_1.dll
0x00007fff96860000 - 0x00007fff968ed000 	C:\Program Files\Java\jdk-17.0.2\bin\msvcp140.dll
0x00007fff69270000 - 0x00007fff69e31000 	C:\Program Files\Java\jdk-17.0.2\bin\server\jvm.dll
0x00007fffdc910000 - 0x00007fffdc918000 	C:\WINDOWS\System32\PSAPI.DLL
0x00007fffc1040000 - 0x00007fffc1049000 	C:\WINDOWS\SYSTEM32\WSOCK32.dll
0x00007fffb5530000 - 0x00007fffb5557000 	C:\WINDOWS\SYSTEM32\WINMM.dll
0x00007fffdc890000 - 0x00007fffdc8fb000 	C:\WINDOWS\System32\WS2_32.dll
0x00007fffd8c50000 - 0x00007fffd8c62000 	C:\WINDOWS\SYSTEM32\kernel.appcore.dll
0x00007fffc3520000 - 0x00007fffc352a000 	C:\Program Files\Java\jdk-17.0.2\bin\jimage.dll
0x00007fffdaa40000 - 0x00007fffdac24000 	C:\WINDOWS\SYSTEM32\DBGHELP.DLL
0x00007fffdaa00000 - 0x00007fffdaa34000 	C:\WINDOWS\SYSTEM32\dbgcore.DLL
0x00007fffdb3c0000 - 0x00007fffdb442000 	C:\WINDOWS\System32\bcryptPrimitives.dll
0x00007fff98490000 - 0x00007fff984b5000 	C:\Program Files\Java\jdk-17.0.2\bin\java.dll

dbghelp: loaded successfully - version: 4.0.5 - missing functions: none
symbol engine: initialized successfully - sym options: 0x614 - pdb path: .;C:\Program Files\Java\jdk-17.0.2\bin;C:\WINDOWS\SYSTEM32;C:\Program Files\Avast Software\Avast;C:\WINDOWS\WinSxS\amd64_microsoft.windows.common-controls_6595b64144ccf1df_6.0.19041.1110_none_60b5254171f9507e;C:\Program Files\Java\jdk-17.0.2\bin\server

VM Arguments:
jvm_args: -Dfile.encoding=UTF-8 --module-path=C:\Users\HP\Documents\NetBeansProjects\AirlineReservationSystem\build\classes 
java_command: airlinereservationsystem.dashboard
java_class_path (initial): C:\Users\HP\Documents\NetBeansProjects\AirlineReservationSystem\build\classes
Launcher Type: SUN_STANDARD

[Global flags]
     intx CICompilerCount                          = 4                                         {product} {ergonomic}
     uint ConcGCThreads                            = 2                                         {product} {ergonomic}
     uint G1ConcRefinementThreads                  = 8                                         {product} {ergonomic}
   size_t G1HeapRegionSize                         = 1048576                                   {product} {ergonomic}
    uintx GCDrainStackTargetSize                   = 64                                        {product} {ergonomic}
   size_t InitialHeapSize                          = 132120576                                 {product} {ergonomic}
   size_t MarkStackSize                            = 4194304                                   {product} {ergonomic}
   size_t MaxHeapSize                              = 2097152000                                {product} {ergonomic}
   size_t MinHeapDeltaBytes                        = 1048576                                   {product} {ergonomic}
   size_t MinHeapSize                              = 8388608                                   {product} {ergonomic}
    uintx NonNMethodCodeHeapSize                   = 5839372                                {pd product} {ergonomic}
    uintx NonProfiledCodeHeapSize                  = 122909434                              {pd product} {ergonomic}
    uintx ProfiledCodeHeapSize                     = 122909434                              {pd product} {ergonomic}
    uintx ReservedCodeCacheSize                    = 251658240                              {pd product} {ergonomic}
     bool SegmentedCodeCache                       = true                                      {product} {ergonomic}
   size_t SoftMaxHeapSize                          = 2097152000                             {manageable} {ergonomic}
     bool UseCompressedClassPointers               = true                           {product lp64_product} {ergonomic}
     bool UseCompressedOops                        = true                           {product lp64_product} {ergonomic}
     bool UseG1GC                                  = true                                      {product} {ergonomic}
     bool UseLargePagesIndividualAllocation        = false                                  {pd product} {ergonomic}

Logging:
Log output configuration:
 #0: stdout all=warning uptime,level,tags
 #1: stderr all=off uptime,level,tags

Environment Variables:
PATH=C:\Program Files\Java\jdk-17.0.2\bin;C:\Program Files\Common Files\Oracle\Java\javapath;C:\WINDOWS\system32;C:\WINDOWS;C:\WINDOWS\System32\Wbem;C:\WINDOWS\System32\WindowsPowerShell\v1.0\;C:\WINDOWS\System32\OpenSSH\;C:\MinGW\bin;C:\Program Files\Git\cmd;C:\Program Files\Git\mingw64\bin;C:\Program Files\Git\usr\bin;C:\Program Files\MySQL\MySQL Shell 8.0\bin\;C:\Users\HP\AppData\Local\Microsoft\WindowsApps;C:\Users\HP\AppData\Local\Programs\Microsoft VS Code\bin;C:\MinGW\bin;C:\Users\HP\AppData\Local\GitHubDesktop\bin
USERNAME=HP
OS=Windows_NT
PROCESSOR_IDENTIFIER=Intel64 Family 6 Model 166 Stepping 0, GenuineIntel



---------------  S Y S T E M  ---------------

OS:
 Windows 10 , 64 bit Build 19041 (10.0.19041.3393)
OS uptime: 1 days 19:41 hours

CPU: total 8 (initial active 8) (4 cores per cpu, 2 threads per core) family 6 model 166 stepping 0 microcode 0xe0, cx8, cmov, fxsr, ht, mmx, 3dnowpref, sse, sse2, sse3, ssse3, sse4.1, sse4.2, popcnt, lzcnt, tsc, tscinvbit, avx, avx2, aes, erms, clmul, bmi1, bmi2, adx, fma, vzeroupper, clflush, clflushopt

Memory: 4k page, system-wide physical 7996M (1476M free)
TotalPageFile size 32572M (AvailPageFile size 5M)
current process WorkingSet (physical memory assigned to process): 10M, peak: 10M
current process commit charge ("private bytes"): 53M, peak: 54M

vm_info: Java HotSpot(TM) 64-Bit Server VM (17.0.2+8-LTS-86) for windows-amd64 JRE (17.0.2+8-LTS-86), built on Dec  7 2021 21:51:03 by "mach5one" with MS VC++ 16.8 / 16.9 (VS2019)

END.
